Determining if the include file malloc/malloc.h exists failed with the following output:
Change Dir: /home/tuba/Documents/tools/klee-3.8/klee_build_dir/CMakeFiles/CMakeTmp

Run Build Command:"/usr/bin/make" "cmTC_da7a1/fast"
/usr/bin/make -f CMakeFiles/cmTC_da7a1.dir/build.make CMakeFiles/cmTC_da7a1.dir/build
make[1]: Entering directory `/home/tuba/Documents/tools/klee-3.8/klee_build_dir/CMakeFiles/CMakeTmp'
Building CXX object CMakeFiles/cmTC_da7a1.dir/CheckIncludeFile.cxx.o
/usr/bin/c++    -Wall -Wextra -Wno-unused-parameter    -o CMakeFiles/cmTC_da7a1.dir/CheckIncludeFile.cxx.o -c /home/tuba/Documents/tools/klee-3.8/klee_build_dir/CMakeFiles/CMakeTmp/CheckIncludeFile.cxx
/home/tuba/Documents/tools/klee-3.8/klee_build_dir/CMakeFiles/CMakeTmp/CheckIncludeFile.cxx:1:27: fatal error: malloc/malloc.h: No such file or directory
 #include <malloc/malloc.h>
                           ^
compilation terminated.
make[1]: *** [CMakeFiles/cmTC_da7a1.dir/CheckIncludeFile.cxx.o] Error 1
make[1]: Leaving directory `/home/tuba/Documents/tools/klee-3.8/klee_build_dir/CMakeFiles/CMakeTmp'
make: *** [cmTC_da7a1/fast] Error 2


Determining if the function malloc_zone_statistics exists failed with the following output:
Change Dir: /home/tuba/Documents/tools/klee-3.8/klee_build_dir/CMakeFiles/CMakeTmp

Run Build Command:"/usr/bin/make" "cmTC_04b9f/fast"
/usr/bin/make -f CMakeFiles/cmTC_04b9f.dir/build.make CMakeFiles/cmTC_04b9f.dir/build
make[1]: Entering directory `/home/tuba/Documents/tools/klee-3.8/klee_build_dir/CMakeFiles/CMakeTmp'
Building C object CMakeFiles/cmTC_04b9f.dir/CheckFunctionExists.c.o
/usr/bin/cc   -Wall -Wextra -Wno-unused-parameter -DCHECK_FUNCTION_EXISTS=malloc_zone_statistics   -o CMakeFiles/cmTC_04b9f.dir/CheckFunctionExists.c.o   -c /usr/local/share/cmake-3.8/Modules/CheckFunctionExists.c
Linking C executable cmTC_04b9f
/usr/local/bin/cmake -E cmake_link_script CMakeFiles/cmTC_04b9f.dir/link.txt --verbose=1
/usr/bin/cc  -Wall -Wextra -Wno-unused-parameter -DCHECK_FUNCTION_EXISTS=malloc_zone_statistics    -rdynamic CMakeFiles/cmTC_04b9f.dir/CheckFunctionExists.c.o  -o cmTC_04b9f 
CMakeFiles/cmTC_04b9f.dir/CheckFunctionExists.c.o: In function `main':
CheckFunctionExists.c:(.text+0x10): undefined reference to `malloc_zone_statistics'
collect2: error: ld returned 1 exit status
make[1]: *** [cmTC_04b9f] Error 1
make[1]: Leaving directory `/home/tuba/Documents/tools/klee-3.8/klee_build_dir/CMakeFiles/CMakeTmp'
make: *** [cmTC_04b9f/fast] Error 2


Determining if the include file selinux/selinux.h exists failed with the following output:
Change Dir: /home/tuba/Documents/tools/klee-3.8/klee_build_dir/CMakeFiles/CMakeTmp

Run Build Command:"/usr/bin/make" "cmTC_a90af/fast"
/usr/bin/make -f CMakeFiles/cmTC_a90af.dir/build.make CMakeFiles/cmTC_a90af.dir/build
make[1]: Entering directory `/home/tuba/Documents/tools/klee-3.8/klee_build_dir/CMakeFiles/CMakeTmp'
Building C object CMakeFiles/cmTC_a90af.dir/CheckIncludeFile.c.o
/usr/bin/cc   -Wall -Wextra -Wno-unused-parameter    -o CMakeFiles/cmTC_a90af.dir/CheckIncludeFile.c.o   -c /home/tuba/Documents/tools/klee-3.8/klee_build_dir/CMakeFiles/CMakeTmp/CheckIncludeFile.c
/home/tuba/Documents/tools/klee-3.8/klee_build_dir/CMakeFiles/CMakeTmp/CheckIncludeFile.c:1:29: fatal error: selinux/selinux.h: No such file or directory
 #include <selinux/selinux.h>
                             ^
compilation terminated.
make[1]: *** [CMakeFiles/cmTC_a90af.dir/CheckIncludeFile.c.o] Error 1
make[1]: Leaving directory `/home/tuba/Documents/tools/klee-3.8/klee_build_dir/CMakeFiles/CMakeTmp'
make: *** [cmTC_a90af/fast] Error 2


Determining if the include file sys/acl.h exists failed with the following output:
Change Dir: /home/tuba/Documents/tools/klee-3.8/klee_build_dir/CMakeFiles/CMakeTmp

Run Build Command:"/usr/bin/make" "cmTC_83333/fast"
/usr/bin/make -f CMakeFiles/cmTC_83333.dir/build.make CMakeFiles/cmTC_83333.dir/build
make[1]: Entering directory `/home/tuba/Documents/tools/klee-3.8/klee_build_dir/CMakeFiles/CMakeTmp'
Building C object CMakeFiles/cmTC_83333.dir/CheckIncludeFile.c.o
/usr/bin/cc   -Wall -Wextra -Wno-unused-parameter    -o CMakeFiles/cmTC_83333.dir/CheckIncludeFile.c.o   -c /home/tuba/Documents/tools/klee-3.8/klee_build_dir/CMakeFiles/CMakeTmp/CheckIncludeFile.c
/home/tuba/Documents/tools/klee-3.8/klee_build_dir/CMakeFiles/CMakeTmp/CheckIncludeFile.c:1:21: fatal error: sys/acl.h: No such file or directory
 #include <sys/acl.h>
                     ^
compilation terminated.
make[1]: *** [CMakeFiles/cmTC_83333.dir/CheckIncludeFile.c.o] Error 1
make[1]: Leaving directory `/home/tuba/Documents/tools/klee-3.8/klee_build_dir/CMakeFiles/CMakeTmp'
make: *** [cmTC_83333/fast] Error 2


